{"level":"info","message":"Listening on port 3900...","timestamp":"2020-06-30T22:23:07.168Z"}
{"level":"info","message":"Connected to mongodb://localhost/cocktailme_tests...","timestamp":"2020-06-30T22:23:07.220Z"}
{"level":"info","message":"Listening on port 3900...","timestamp":"2020-06-30T22:23:08.501Z"}
{"level":"info","message":"Connected to mongodb://localhost/cocktailme_tests...","timestamp":"2020-06-30T22:23:08.533Z"}
{"level":"info","message":"Listening on port 3900...","timestamp":"2020-06-30T22:23:10.100Z"}
{"level":"info","message":"Connected to mongodb://localhost/cocktailme_tests...","timestamp":"2020-06-30T22:23:10.119Z"}
{"level":"info","message":"Listening on port 3900...","timestamp":"2020-06-30T22:23:10.907Z"}
{"level":"info","message":"Connected to mongodb://localhost/cocktailme_tests...","timestamp":"2020-06-30T22:23:10.964Z"}
{"level":"info","message":"Listening on port 3900...","timestamp":"2020-06-30T22:23:11.513Z"}
{"level":"info","message":"Connected to mongodb://localhost/cocktailme_tests...","timestamp":"2020-06-30T22:23:11.529Z"}
{"level":"info","message":"Listening on port 3900...","timestamp":"2020-06-30T22:23:16.689Z"}
{"level":"info","message":"Connected to mongodb://localhost/cocktailme...","timestamp":"2020-06-30T22:23:16.700Z"}
{"level":"info","message":"Listening on port 3900...","timestamp":"2020-07-16T23:02:44.642Z"}
{"level":"info","message":"Connected to mongodb://localhost/cocktailme...","timestamp":"2020-07-16T23:02:44.659Z"}
{"level":"info","message":"Listening on port 3900...","timestamp":"2020-07-17T16:47:41.443Z"}
{"level":"info","message":"Connected to mongodb://localhost/cocktailme...","timestamp":"2020-07-17T16:47:41.463Z"}
{"level":"info","message":"Listening on port 3900...","timestamp":"2020-07-17T17:05:46.886Z"}
{"level":"info","message":"Connected to mongodb://localhost/cocktailme...","timestamp":"2020-07-17T17:05:46.905Z"}
{"level":"info","message":"Listening on port 3900...","timestamp":"2020-07-17T17:06:10.060Z"}
{"level":"info","message":"Connected to mongodb://localhost/cocktailme...","timestamp":"2020-07-17T17:06:10.081Z"}
{"level":"info","message":"Listening on port 3900...","timestamp":"2020-07-17T18:57:42.614Z"}
{"level":"info","message":"Connected to mongodb://localhost/cocktailme...","timestamp":"2020-07-17T18:57:42.629Z"}
{"level":"info","message":"Listening on port 3900...","timestamp":"2020-07-17T19:01:44.708Z"}
{"level":"info","message":"Connected to mongodb://localhost/cocktailme...","timestamp":"2020-07-17T19:01:44.727Z"}
{"level":"info","message":"Listening on port 3900...","timestamp":"2020-07-17T19:43:19.498Z"}
{"level":"info","message":"Connected to mongodb://localhost/cocktailme...","timestamp":"2020-07-17T19:43:19.513Z"}
{"level":"info","message":"Listening on port 3900...","timestamp":"2020-07-17T19:45:57.181Z"}
{"level":"info","message":"Connected to mongodb://localhost/cocktailme...","timestamp":"2020-07-17T19:45:57.216Z"}
{"level":"info","message":"Listening on port 3900...","timestamp":"2020-07-17T21:35:20.795Z"}
{"level":"info","message":"Connected to mongodb://localhost/cocktailme...","timestamp":"2020-07-17T21:35:20.820Z"}
{"level":"info","message":"Listening on port 3900...","timestamp":"2020-07-17T22:01:26.862Z"}
{"level":"info","message":"Connected to mongodb://localhost/cocktailme...","timestamp":"2020-07-17T22:01:26.897Z"}
{"level":"info","message":"Listening on port 3900...","timestamp":"2020-07-17T22:13:44.086Z"}
{"level":"info","message":"Connected to mongodb://localhost/cocktailme...","timestamp":"2020-07-17T22:13:44.117Z"}
{"level":"info","message":"Listening on port 3900...","timestamp":"2020-07-18T15:27:52.812Z"}
{"level":"info","message":"Connected to mongodb://localhost/cocktailme...","timestamp":"2020-07-18T15:27:52.830Z"}
{"level":"info","message":"Listening on port 3900...","timestamp":"2020-07-18T19:07:28.566Z"}
{"level":"info","message":"Connected to mongodb://localhost/cocktailme...","timestamp":"2020-07-18T19:07:28.580Z"}
{"level":"info","message":"Listening on port 3900...","timestamp":"2020-07-19T18:07:27.692Z"}
{"level":"info","message":"Connected to mongodb://localhost/cocktailme...","timestamp":"2020-07-19T18:07:27.729Z"}
{"level":"info","message":"Listening on port 3900...","timestamp":"2020-07-19T18:07:31.583Z"}
{"level":"info","message":"Connected to mongodb://localhost/cocktailme...","timestamp":"2020-07-19T18:07:31.618Z"}
{"level":"info","message":"Listening on port 3900...","timestamp":"2020-07-19T18:08:01.014Z"}
{"level":"info","message":"Connected to mongodb://localhost/cocktailme...","timestamp":"2020-07-19T18:08:01.050Z"}
{"level":"info","message":"Listening on port 3900...","timestamp":"2020-07-19T18:08:23.583Z"}
{"level":"info","message":"Connected to mongodb://localhost/cocktailme...","timestamp":"2020-07-19T18:08:23.618Z"}
{"level":"info","message":"Listening on port 3900...","timestamp":"2020-07-19T18:08:39.857Z"}
{"level":"info","message":"Connected to mongodb://localhost/cocktailme...","timestamp":"2020-07-19T18:08:39.888Z"}
{"level":"info","message":"Listening on port 3900...","timestamp":"2020-07-19T18:08:41.874Z"}
{"level":"info","message":"Connected to mongodb://localhost/cocktailme...","timestamp":"2020-07-19T18:08:41.902Z"}
{"level":"info","message":"Listening on port 3900...","timestamp":"2020-07-19T18:09:12.736Z"}
{"level":"info","message":"Connected to mongodb://localhost/cocktailme...","timestamp":"2020-07-19T18:09:12.761Z"}
{"level":"info","message":"Listening on port 3900...","timestamp":"2020-07-19T18:10:05.532Z"}
{"level":"info","message":"Connected to mongodb://localhost/cocktailme...","timestamp":"2020-07-19T18:10:05.562Z"}
{"level":"info","message":"Listening on port 3900...","timestamp":"2020-07-19T18:10:15.283Z"}
{"level":"info","message":"Connected to mongodb://localhost/cocktailme...","timestamp":"2020-07-19T18:10:15.311Z"}
{"level":"info","message":"Listening on port 3900...","timestamp":"2020-07-19T18:10:24.030Z"}
{"level":"info","message":"Connected to mongodb://localhost/cocktailme...","timestamp":"2020-07-19T18:10:24.052Z"}
{"level":"info","message":"Listening on port 3900...","timestamp":"2020-07-19T18:11:46.682Z"}
{"level":"info","message":"Connected to mongodb://localhost/cocktailme...","timestamp":"2020-07-19T18:11:46.711Z"}
{"level":"info","message":"Listening on port 3900...","timestamp":"2020-07-19T18:12:25.490Z"}
{"level":"info","message":"Connected to mongodb://localhost/cocktailme...","timestamp":"2020-07-19T18:12:25.532Z"}
{"level":"info","message":"Listening on port 3900...","timestamp":"2020-07-19T18:12:31.867Z"}
{"level":"info","message":"Connected to mongodb://localhost/cocktailme...","timestamp":"2020-07-19T18:12:31.892Z"}
{"level":"info","message":"Listening on port 3900...","timestamp":"2020-07-19T18:12:42.480Z"}
{"level":"info","message":"Connected to mongodb://localhost/cocktailme...","timestamp":"2020-07-19T18:12:42.504Z"}
{"level":"info","message":"Listening on port 3900...","timestamp":"2020-07-19T18:13:37.227Z"}
{"level":"info","message":"Connected to mongodb://localhost/cocktailme...","timestamp":"2020-07-19T18:13:37.261Z"}
{"level":"info","message":"Listening on port 3900...","timestamp":"2020-07-19T18:13:55.357Z"}
{"level":"info","message":"Connected to mongodb://localhost/cocktailme...","timestamp":"2020-07-19T18:13:55.400Z"}
{"level":"info","message":"Listening on port 3900...","timestamp":"2020-07-19T18:17:12.765Z"}
{"level":"info","message":"Connected to mongodb://localhost/cocktailme...","timestamp":"2020-07-19T18:17:12.793Z"}
{"level":"info","message":"Listening on port 3900...","timestamp":"2020-07-19T18:17:21.731Z"}
{"level":"info","message":"Connected to mongodb://localhost/cocktailme...","timestamp":"2020-07-19T18:17:21.768Z"}
{"level":"info","message":"Listening on port 3900...","timestamp":"2020-07-19T18:18:27.965Z"}
{"level":"info","message":"Connected to mongodb://localhost/cocktailme...","timestamp":"2020-07-19T18:18:28.016Z"}
{"level":"info","message":"Listening on port 3900...","timestamp":"2020-07-19T18:18:36.417Z"}
{"level":"info","message":"Connected to mongodb://localhost/cocktailme...","timestamp":"2020-07-19T18:18:36.435Z"}
{"level":"info","message":"Listening on port 3900...","timestamp":"2020-07-19T18:20:26.347Z"}
{"level":"info","message":"Connected to mongodb://localhost/cocktailme...","timestamp":"2020-07-19T18:20:26.365Z"}
{"level":"info","message":"Listening on port 3900...","timestamp":"2020-07-19T18:20:27.596Z"}
{"level":"info","message":"Connected to mongodb://localhost/cocktailme...","timestamp":"2020-07-19T18:20:27.608Z"}
{"level":"info","message":"Listening on port 3900...","timestamp":"2020-07-19T18:21:15.902Z"}
{"level":"info","message":"Connected to mongodb://localhost/cocktailme...","timestamp":"2020-07-19T18:21:15.915Z"}
{"level":"info","message":"Listening on port 3900...","timestamp":"2020-07-19T18:21:42.616Z"}
{"level":"info","message":"Connected to mongodb://localhost/cocktailme...","timestamp":"2020-07-19T18:21:42.629Z"}
{"level":"info","message":"Listening on port 3900...","timestamp":"2020-07-20T00:34:30.661Z"}
{"level":"info","message":"Connected to mongodb://localhost/cocktailme...","timestamp":"2020-07-20T00:34:30.697Z"}
{"level":"info","message":"Listening on port 3900...","timestamp":"2020-07-20T00:34:52.260Z"}
{"level":"info","message":"Connected to mongodb://localhost/cocktailme...","timestamp":"2020-07-20T00:34:52.300Z"}
{"level":"info","message":"Listening on port 3900...","timestamp":"2020-07-20T00:35:10.027Z"}
{"level":"info","message":"Connected to mongodb://localhost/cocktailme...","timestamp":"2020-07-20T00:35:10.061Z"}
{"level":"info","message":"Listening on port 3900...","timestamp":"2020-07-20T00:36:17.767Z"}
{"level":"info","message":"Connected to mongodb://localhost/cocktailme...","timestamp":"2020-07-20T00:36:17.802Z"}
{"level":"info","message":"Listening on port 3900...","timestamp":"2020-07-20T00:37:09.929Z"}
{"level":"info","message":"Connected to mongodb://localhost/cocktailme...","timestamp":"2020-07-20T00:37:09.964Z"}
{"level":"info","message":"Listening on port 3900...","timestamp":"2020-07-20T00:37:43.453Z"}
{"level":"info","message":"Connected to mongodb://localhost/cocktailme...","timestamp":"2020-07-20T00:37:43.491Z"}
{"level":"info","message":"Listening on port 3900...","timestamp":"2020-07-20T00:38:18.883Z"}
{"level":"info","message":"Connected to mongodb://localhost/cocktailme...","timestamp":"2020-07-20T00:38:18.911Z"}
{"level":"info","message":"Listening on port 3900...","timestamp":"2020-07-20T00:38:20.624Z"}
{"level":"info","message":"Connected to mongodb://localhost/cocktailme...","timestamp":"2020-07-20T00:38:20.661Z"}
{"level":"info","message":"Listening on port 3900...","timestamp":"2020-07-20T01:32:58.819Z"}
{"level":"info","message":"Connected to mongodb://localhost/cocktailme...","timestamp":"2020-07-20T01:32:58.854Z"}
{"level":"info","message":"Listening on port 3900...","timestamp":"2020-07-20T01:33:21.656Z"}
{"level":"info","message":"Connected to mongodb://localhost/cocktailme...","timestamp":"2020-07-20T01:33:21.691Z"}
{"level":"info","message":"Listening on port 3900...","timestamp":"2020-07-20T01:33:43.176Z"}
{"level":"info","message":"Connected to mongodb://localhost/cocktailme...","timestamp":"2020-07-20T01:33:43.200Z"}
{"level":"info","message":"Listening on port 3900...","timestamp":"2020-07-20T01:34:27.426Z"}
{"level":"info","message":"Connected to mongodb://localhost/cocktailme...","timestamp":"2020-07-20T01:34:27.469Z"}
{"level":"info","message":"Listening on port 3900...","timestamp":"2020-07-20T01:35:02.104Z"}
{"level":"info","message":"Connected to mongodb://localhost/cocktailme...","timestamp":"2020-07-20T01:35:02.136Z"}
{"level":"info","message":"Listening on port 3900...","timestamp":"2020-07-20T01:36:10.148Z"}
{"level":"info","message":"Connected to mongodb://localhost/cocktailme...","timestamp":"2020-07-20T01:36:10.188Z"}
{"level":"info","message":"Listening on port 3900...","timestamp":"2020-07-20T01:36:46.609Z"}
{"level":"info","message":"Connected to mongodb://localhost/cocktailme...","timestamp":"2020-07-20T01:36:46.645Z"}
{"level":"info","message":"Listening on port 3900...","timestamp":"2020-07-20T01:39:45.541Z"}
{"level":"info","message":"Connected to mongodb://localhost/cocktailme...","timestamp":"2020-07-20T01:39:45.580Z"}
{"level":"info","message":"Listening on port 3900...","timestamp":"2020-07-20T01:43:04.891Z"}
{"level":"info","message":"Connected to mongodb://localhost/cocktailme...","timestamp":"2020-07-20T01:43:04.930Z"}
{"level":"info","message":"Listening on port 3900...","timestamp":"2020-07-20T01:43:45.367Z"}
{"level":"info","message":"Connected to mongodb://localhost/cocktailme...","timestamp":"2020-07-20T01:43:45.402Z"}
{"level":"info","message":"Listening on port 3900...","timestamp":"2020-07-20T01:44:09.379Z"}
{"level":"info","message":"Connected to mongodb://localhost/cocktailme...","timestamp":"2020-07-20T01:44:09.406Z"}
{"level":"info","message":"Listening on port 3900...","timestamp":"2020-07-20T01:45:07.863Z"}
{"level":"info","message":"Connected to mongodb://localhost/cocktailme...","timestamp":"2020-07-20T01:45:07.902Z"}
{"level":"info","message":"Listening on port 3900...","timestamp":"2020-07-20T01:46:48.716Z"}
{"level":"info","message":"Connected to mongodb://localhost/cocktailme...","timestamp":"2020-07-20T01:46:48.754Z"}
{"message":"Projection cannot have a mix of inclusion and exclusion.","stack":"MongoError: Projection cannot have a mix of inclusion and exclusion.\n    at MessageStream.messageHandler (C:\\Users\\ygold\\Desktop\\Yaniv\\apps\\node\\cocktail-me-api\\node_modules\\mongodb\\lib\\cmap\\connection.js:263:20)\n    at MessageStream.emit (events.js:310:20)\n    at processIncomingData (C:\\Users\\ygold\\Desktop\\Yaniv\\apps\\node\\cocktail-me-api\\node_modules\\mongodb\\lib\\cmap\\message_stream.js:144:12)\n    at MessageStream._write (C:\\Users\\ygold\\Desktop\\Yaniv\\apps\\node\\cocktail-me-api\\node_modules\\mongodb\\lib\\cmap\\message_stream.js:42:5)\n    at doWrite (_stream_writable.js:403:12)\n    at writeOrBuffer (_stream_writable.js:387:5)\n    at MessageStream.Writable.write (_stream_writable.js:318:11)\n    at Socket.ondata (_stream_readable.js:695:22)\n    at Socket.emit (events.js:310:20)\n    at addChunk (_stream_readable.js:286:12)\n    at readableAddChunk (_stream_readable.js:268:9)\n    at Socket.Readable.push (_stream_readable.js:209:10)\n    at TCP.onStreamRead (internal/stream_base_commons.js:186:23)","ok":0,"code":2,"codeName":"BadValue","name":"MongoError","level":"error","timestamp":"2020-07-20T01:46:51.098Z"}
{"level":"info","message":"Listening on port 3900...","timestamp":"2020-07-20T01:47:02.102Z"}
{"level":"info","message":"Connected to mongodb://localhost/cocktailme...","timestamp":"2020-07-20T01:47:02.140Z"}
{"level":"info","message":"Listening on port 3900...","timestamp":"2020-07-20T01:47:36.754Z"}
{"level":"info","message":"Connected to mongodb://localhost/cocktailme...","timestamp":"2020-07-20T01:47:36.792Z"}
{"level":"info","message":"Listening on port 3900...","timestamp":"2020-07-20T01:48:01.328Z"}
{"level":"info","message":"Connected to mongodb://localhost/cocktailme...","timestamp":"2020-07-20T01:48:01.364Z"}
{"level":"info","message":"Listening on port 3900...","timestamp":"2020-07-20T01:51:29.396Z"}
{"level":"info","message":"Connected to mongodb://localhost/cocktailme...","timestamp":"2020-07-20T01:51:29.431Z"}
{"level":"info","message":"Listening on port 3900...","timestamp":"2020-07-20T01:52:18.064Z"}
{"level":"info","message":"Connected to mongodb://localhost/cocktailme...","timestamp":"2020-07-20T01:52:18.100Z"}
{"level":"info","message":"Listening on port 3900...","timestamp":"2020-07-20T01:53:17.683Z"}
{"level":"info","message":"Connected to mongodb://localhost/cocktailme...","timestamp":"2020-07-20T01:53:17.728Z"}
{"level":"info","message":"Listening on port 3900...","timestamp":"2020-07-20T01:54:41.884Z"}
{"level":"info","message":"Connected to mongodb://localhost/cocktailme...","timestamp":"2020-07-20T01:54:41.912Z"}
{"level":"info","message":"Listening on port 3900...","timestamp":"2020-07-20T01:55:05.485Z"}
{"level":"info","message":"Connected to mongodb://localhost/cocktailme...","timestamp":"2020-07-20T01:55:05.521Z"}
{"level":"info","message":"Listening on port 3900...","timestamp":"2020-07-20T01:55:31.657Z"}
{"level":"info","message":"Connected to mongodb://localhost/cocktailme...","timestamp":"2020-07-20T01:55:31.693Z"}
{"level":"info","message":"Listening on port 3900...","timestamp":"2020-07-20T01:55:56.230Z"}
{"level":"info","message":"Connected to mongodb://localhost/cocktailme...","timestamp":"2020-07-20T01:55:56.284Z"}
{"level":"info","message":"Listening on port 3900...","timestamp":"2020-07-20T01:56:13.955Z"}
{"level":"info","message":"Connected to mongodb://localhost/cocktailme...","timestamp":"2020-07-20T01:56:13.990Z"}
{"level":"info","message":"Listening on port 3900...","timestamp":"2020-07-20T01:56:35.019Z"}
{"level":"info","message":"Connected to mongodb://localhost/cocktailme...","timestamp":"2020-07-20T01:56:35.054Z"}
{"level":"info","message":"Listening on port 3900...","timestamp":"2020-07-20T01:57:01.774Z"}
{"level":"info","message":"Connected to mongodb://localhost/cocktailme...","timestamp":"2020-07-20T01:57:01.802Z"}
{"level":"info","message":"Listening on port 3900...","timestamp":"2020-07-20T01:57:12.879Z"}
{"level":"info","message":"Connected to mongodb://localhost/cocktailme...","timestamp":"2020-07-20T01:57:12.916Z"}
{"level":"info","message":"Listening on port 3900...","timestamp":"2020-07-20T01:58:27.765Z"}
{"level":"info","message":"Connected to mongodb://localhost/cocktailme...","timestamp":"2020-07-20T01:58:27.801Z"}
{"level":"info","message":"Listening on port 3900...","timestamp":"2020-07-20T01:58:36.999Z"}
{"level":"info","message":"Connected to mongodb://localhost/cocktailme...","timestamp":"2020-07-20T01:58:37.037Z"}
{"level":"info","message":"Listening on port 3900...","timestamp":"2020-07-20T01:59:16.653Z"}
{"level":"info","message":"Connected to mongodb://localhost/cocktailme...","timestamp":"2020-07-20T01:59:16.691Z"}
{"level":"info","message":"Listening on port 3900...","timestamp":"2020-07-20T02:13:27.596Z"}
{"level":"info","message":"Connected to mongodb://localhost/cocktailme...","timestamp":"2020-07-20T02:13:27.622Z"}
{"level":"info","message":"Listening on port 3900...","timestamp":"2020-07-20T02:13:37.284Z"}
{"level":"info","message":"Connected to mongodb://localhost/cocktailme...","timestamp":"2020-07-20T02:13:37.307Z"}
{"level":"info","message":"Listening on port 3900...","timestamp":"2020-07-20T16:19:42.766Z"}
{"level":"info","message":"Connected to mongodb://localhost/cocktailme...","timestamp":"2020-07-20T16:19:42.778Z"}
{"level":"info","message":"Listening on port 3900...","timestamp":"2020-07-20T20:43:30.599Z"}
{"level":"info","message":"Connected to mongodb://localhost/cocktailme...","timestamp":"2020-07-20T20:43:30.638Z"}
{"level":"info","message":"Listening on port 3900...","timestamp":"2020-07-20T21:05:50.923Z"}
{"level":"info","message":"Connected to mongodb://localhost/cocktailme...","timestamp":"2020-07-20T21:05:50.954Z"}
{"level":"info","message":"Listening on port 3900...","timestamp":"2020-07-20T21:12:37.196Z"}
{"level":"info","message":"Connected to mongodb://localhost/cocktailme...","timestamp":"2020-07-20T21:12:37.220Z"}
{"level":"info","message":"Listening on port 3900...","timestamp":"2020-07-21T00:32:25.058Z"}
{"level":"info","message":"Connected to mongodb://localhost/cocktailme...","timestamp":"2020-07-21T00:32:25.070Z"}
{"level":"info","message":"Listening on port 3900...","timestamp":"2020-07-21T15:06:28.239Z"}
{"level":"info","message":"Connected to mongodb://localhost/cocktailme...","timestamp":"2020-07-21T15:06:28.266Z"}
{"level":"info","message":"Listening on port 3900...","timestamp":"2020-07-21T15:08:34.204Z"}
{"level":"info","message":"Connected to mongodb://localhost/cocktailme...","timestamp":"2020-07-21T15:08:34.228Z"}
{"level":"info","message":"Listening on port 3900...","timestamp":"2020-07-21T15:11:36.450Z"}
{"level":"info","message":"Connected to mongodb://localhost/cocktailme...","timestamp":"2020-07-21T15:11:36.469Z"}
{"level":"info","message":"Listening on port 3900...","timestamp":"2020-07-21T15:27:11.568Z"}
{"level":"info","message":"Connected to mongodb://localhost/cocktailme...","timestamp":"2020-07-21T15:27:11.595Z"}
{"level":"info","message":"Listening on port 3900...","timestamp":"2020-07-21T17:44:23.568Z"}
{"level":"info","message":"Connected to mongodb://localhost/cocktailme...","timestamp":"2020-07-21T17:44:23.598Z"}
{"level":"info","message":"Listening on port 3900...","timestamp":"2020-07-21T17:44:50.240Z"}
{"level":"info","message":"Connected to mongodb://localhost/cocktailme...","timestamp":"2020-07-21T17:44:50.261Z"}
{"level":"info","message":"Listening on port 3900...","timestamp":"2020-07-21T22:05:15.151Z"}
{"level":"info","message":"Connected to mongodb://localhost/cocktailme...","timestamp":"2020-07-21T22:05:15.165Z"}
{"level":"info","message":"Listening on port 3900...","timestamp":"2020-07-21T22:06:06.094Z"}
{"level":"info","message":"Connected to mongodb://localhost/cocktailme...","timestamp":"2020-07-21T22:06:06.106Z"}
{"level":"info","message":"Listening on port 3900...","timestamp":"2020-07-22T17:34:01.806Z"}
{"level":"info","message":"Connected to mongodb://localhost/cocktailme...","timestamp":"2020-07-22T17:34:01.817Z"}
{"level":"info","message":"Listening on port 3900...","timestamp":"2020-07-22T19:32:03.904Z"}
{"level":"info","message":"Connected to mongodb://localhost/cocktailme...","timestamp":"2020-07-22T19:32:03.916Z"}
{"level":"info","message":"Listening on port 3900...","timestamp":"2020-07-22T20:45:09.760Z"}
{"level":"info","message":"Connected to mongodb://localhost/cocktailme...","timestamp":"2020-07-22T20:45:09.778Z"}
{"level":"info","message":"Listening on port 3900...","timestamp":"2020-07-22T20:45:56.498Z"}
{"level":"info","message":"Connected to mongodb://localhost/cocktailme...","timestamp":"2020-07-22T20:45:56.510Z"}
{"level":"info","message":"Listening on port 3900...","timestamp":"2020-07-23T03:45:16.348Z"}
{"level":"info","message":"Connected to mongodb://localhost/cocktailme...","timestamp":"2020-07-23T03:45:16.386Z"}
{"message":"No matching document found for id \"5eecfe9cbca0c22b2833c7ac\" version 801 modifiedPaths \"bar\"","stack":"VersionError: No matching document found for id \"5eecfe9cbca0c22b2833c7ac\" version 801 modifiedPaths \"bar\"\n    at generateVersionError (C:\\Users\\ygold\\Desktop\\Yaniv\\apps\\node\\cocktail-me-api\\node_modules\\mongoose\\lib\\model.js:416:10)\n    at model.Model.save (C:\\Users\\ygold\\Desktop\\Yaniv\\apps\\node\\cocktail-me-api\\node_modules\\mongoose\\lib\\model.js:473:28)\n    at C:\\Users\\ygold\\Desktop\\Yaniv\\apps\\node\\cocktail-me-api\\routes\\bar.js:56:14\n    at runMicrotasks (<anonymous>)\n    at processTicksAndRejections (internal/process/task_queues.js:97:5)","version":801,"modifiedPaths":["bar"],"level":"error","timestamp":"2020-07-23T04:05:33.177Z"}
{"message":"No matching document found for id \"5eecfe9cbca0c22b2833c7ac\" version 867 modifiedPaths \"bar\"","stack":"VersionError: No matching document found for id \"5eecfe9cbca0c22b2833c7ac\" version 867 modifiedPaths \"bar\"\n    at generateVersionError (C:\\Users\\ygold\\Desktop\\Yaniv\\apps\\node\\cocktail-me-api\\node_modules\\mongoose\\lib\\model.js:416:10)\n    at model.Model.save (C:\\Users\\ygold\\Desktop\\Yaniv\\apps\\node\\cocktail-me-api\\node_modules\\mongoose\\lib\\model.js:473:28)\n    at C:\\Users\\ygold\\Desktop\\Yaniv\\apps\\node\\cocktail-me-api\\routes\\bar.js:56:14\n    at runMicrotasks (<anonymous>)\n    at processTicksAndRejections (internal/process/task_queues.js:97:5)","version":867,"modifiedPaths":["bar"],"level":"error","timestamp":"2020-07-23T04:10:30.956Z"}
{"level":"info","message":"Listening on port 3900...","timestamp":"2020-07-23T15:45:26.552Z"}
{"level":"info","message":"Connected to mongodb://localhost/cocktailme...","timestamp":"2020-07-23T15:45:26.572Z"}
{"level":"info","message":"Listening on port 3900...","timestamp":"2020-07-27T18:28:56.476Z"}
{"level":"info","message":"Connected to mongodb://localhost/cocktailme...","timestamp":"2020-07-27T18:28:56.491Z"}
{"level":"info","message":"Listening on port 3900...","timestamp":"2020-07-27T18:31:00.949Z"}
{"level":"info","message":"Connected to mongodb://localhost/cocktailme...","timestamp":"2020-07-27T18:31:00.963Z"}
{"level":"info","message":"Listening on port 3900...","timestamp":"2020-07-27T19:27:14.406Z"}
{"level":"info","message":"Connected to mongodb://localhost/cocktailme...","timestamp":"2020-07-27T19:27:14.427Z"}
{"level":"info","message":"Listening on port 3900...","timestamp":"2020-07-27T19:27:49.543Z"}
{"level":"info","message":"Connected to mongodb://localhost/cocktailme...","timestamp":"2020-07-27T19:27:49.557Z"}
{"level":"info","message":"Listening on port 3900...","timestamp":"2020-07-27T19:32:25.402Z"}
{"level":"info","message":"Connected to mongodb://localhost/cocktailme...","timestamp":"2020-07-27T19:32:25.414Z"}
{"level":"info","message":"Listening on port 3900...","timestamp":"2020-07-27T19:39:14.249Z"}
{"level":"info","message":"Connected to mongodb://localhost/cocktailme...","timestamp":"2020-07-27T19:39:14.261Z"}
{"level":"info","message":"Listening on port 3900...","timestamp":"2020-07-27T19:52:28.398Z"}
{"level":"info","message":"Connected to mongodb://localhost/cocktailme...","timestamp":"2020-07-27T19:52:28.411Z"}
{"level":"info","message":"Listening on port 3900...","timestamp":"2020-07-27T20:51:25.736Z"}
{"level":"info","message":"Connected to mongodb://localhost/cocktailme...","timestamp":"2020-07-27T20:51:25.749Z"}
{"level":"info","message":"Listening on port 3900...","timestamp":"2020-07-27T21:17:35.912Z"}
{"level":"info","message":"Connected to mongodb://localhost/cocktailme...","timestamp":"2020-07-27T21:17:35.925Z"}
{"level":"info","message":"Listening on port 3900...","timestamp":"2020-07-27T21:18:58.173Z"}
{"level":"info","message":"Connected to mongodb://localhost/cocktailme...","timestamp":"2020-07-27T21:18:58.186Z"}
{"level":"info","message":"Listening on port 3900...","timestamp":"2020-07-27T21:21:40.694Z"}
{"level":"info","message":"Connected to mongodb://localhost/cocktailme...","timestamp":"2020-07-27T21:21:40.706Z"}
{"level":"info","message":"Listening on port 3900...","timestamp":"2020-07-27T21:25:56.205Z"}
{"level":"info","message":"Connected to mongodb://localhost/cocktailme...","timestamp":"2020-07-27T21:25:56.218Z"}
{"level":"info","message":"Listening on port 3900...","timestamp":"2020-07-28T00:17:44.057Z"}
{"level":"info","message":"Connected to mongodb://localhost/cocktailme...","timestamp":"2020-07-28T00:17:44.085Z"}
{"level":"info","message":"Listening on port 3900...","timestamp":"2020-07-28T00:27:10.050Z"}
{"level":"info","message":"Connected to mongodb://localhost/cocktailme...","timestamp":"2020-07-28T00:27:10.083Z"}
{"level":"info","message":"Listening on port 3900...","timestamp":"2020-07-28T00:28:52.543Z"}
{"level":"info","message":"Connected to mongodb://localhost/cocktailme...","timestamp":"2020-07-28T00:28:52.563Z"}
{"level":"info","message":"Listening on port 3900...","timestamp":"2020-07-28T00:47:09.758Z"}
{"level":"info","message":"Connected to mongodb://localhost/cocktailme...","timestamp":"2020-07-28T00:47:09.787Z"}
{"level":"info","message":"Listening on port 3900...","timestamp":"2020-07-28T00:48:44.991Z"}
{"level":"info","message":"Connected to mongodb://localhost/cocktailme...","timestamp":"2020-07-28T00:48:45.022Z"}
{"level":"info","message":"Listening on port 3900...","timestamp":"2020-07-28T14:58:14.780Z"}
{"level":"info","message":"Connected to mongodb://localhost/cocktailme...","timestamp":"2020-07-28T14:58:14.803Z"}
